[4.091s] Invoking command in '/home/ad/ros2_ws/build/my_robot_controller': PYTHONPATH=/home/ad/ros2_ws/build/my_robot_controller/prefix_override:/usr/lib/python3/dist-packages/colcon_core/task/python/colcon_distutils_commands:/home/ad/ros2_ws/install/my_robot_controller/lib/python3.10/site-packages:${PYTHONPATH} /usr/bin/python3 -W ignore:setup.py install is deprecated -W ignore:easy_install command is deprecated setup.py develop --editable --build-directory /home/ad/ros2_ws/build/my_robot_controller/build --no-deps symlink_data
[5.841s] running develop
[6.586s] running egg_info
[6.587s] writing my_robot_controller.egg-info/PKG-INFO
[6.590s] writing dependency_links to my_robot_controller.egg-info/dependency_links.txt
[6.591s] writing entry points to my_robot_controller.egg-info/entry_points.txt
[6.594s] writing requirements to my_robot_controller.egg-info/requires.txt
[6.596s] writing top-level names to my_robot_controller.egg-info/top_level.txt
[6.598s] reading manifest file 'my_robot_controller.egg-info/SOURCES.txt'
[6.640s] writing manifest file 'my_robot_controller.egg-info/SOURCES.txt'
[6.645s] running build_ext
[6.648s] Creating /home/ad/ros2_ws/install/my_robot_controller/lib/python3.10/site-packages/my-robot-controller.egg-link (link to .)
[6.653s] Installing draw_circle script to /home/ad/ros2_ws/install/my_robot_controller/lib/my_robot_controller
[6.656s] Installing pose_subscriber script to /home/ad/ros2_ws/install/my_robot_controller/lib/my_robot_controller
[6.657s] Installing test_node script to /home/ad/ros2_ws/install/my_robot_controller/lib/my_robot_controller
[6.659s] Installing turtle_controller script to /home/ad/ros2_ws/install/my_robot_controller/lib/my_robot_controller
[6.661s] 
[6.663s] Installed /home/ad/ros2_ws/build/my_robot_controller
[6.664s] running symlink_data
[6.778s] Invoked command in '/home/ad/ros2_ws/build/my_robot_controller' returned '0': PYTHONPATH=/home/ad/ros2_ws/build/my_robot_controller/prefix_override:/usr/lib/python3/dist-packages/colcon_core/task/python/colcon_distutils_commands:/home/ad/ros2_ws/install/my_robot_controller/lib/python3.10/site-packages:${PYTHONPATH} /usr/bin/python3 -W ignore:setup.py install is deprecated -W ignore:easy_install command is deprecated setup.py develop --editable --build-directory /home/ad/ros2_ws/build/my_robot_controller/build --no-deps symlink_data
