[0.443s] DEBUG:colcon:Command line arguments: ['/usr/bin/colcon', 'build', '--symlink-install']
[0.443s] DEBUG:colcon:Parsed command line arguments: Namespace(log_base=None, log_level=None, verb_name='build', build_base='build', install_base='install', merge_install=False, symlink_install=True, test_result_base=None, continue_on_error=False, executor='parallel', parallel_workers=4, event_handlers=None, ignore_user_meta=False, metas=['./colcon.meta'], base_paths=['.'], packages_ignore=None, packages_ignore_regex=None, paths=None, packages_up_to=None, packages_up_to_regex=None, packages_above=None, packages_above_and_dependencies=None, packages_above_depth=None, packages_select_by_dep=None, packages_skip_by_dep=None, packages_skip_up_to=None, packages_select_build_failed=False, packages_skip_build_finished=False, packages_select_test_failures=False, packages_skip_test_passed=False, packages_select=None, packages_skip=None, packages_select_regex=None, packages_skip_regex=None, packages_start=None, packages_end=None, allow_overriding=[], cmake_args=None, cmake_target=None, cmake_target_skip_unavailable=False, cmake_clean_cache=False, cmake_clean_first=False, cmake_force_configure=False, ament_cmake_args=None, catkin_cmake_args=None, catkin_skip_building_tests=False, verb_parser=<colcon_defaults.argument_parser.defaults.DefaultArgumentsDecorator object at 0x7078d0f1ece0>, verb_extension=<colcon_core.verb.build.BuildVerb object at 0x7078d1068130>, main=<bound method BuildVerb.main of <colcon_core.verb.build.BuildVerb object at 0x7078d1068130>>)
[5.761s] Level 1:colcon.colcon_core.package_discovery:discover_packages(colcon_meta) check parameters
[5.762s] Level 1:colcon.colcon_core.package_discovery:discover_packages(recursive) check parameters
[5.762s] Level 1:colcon.colcon_core.package_discovery:discover_packages(ignore) check parameters
[5.763s] Level 1:colcon.colcon_core.package_discovery:discover_packages(path) check parameters
[5.763s] Level 1:colcon.colcon_core.package_discovery:discover_packages(colcon_meta) discover
[5.763s] Level 1:colcon.colcon_core.package_discovery:discover_packages(recursive) discover
[5.763s] INFO:colcon.colcon_core.package_discovery:Crawling recursively for packages in '/home/ad/ros2_ws'
[5.764s] Level 1:colcon.colcon_core.package_identification:_identify(.) by extensions ['ignore', 'ignore_ament_install']
[5.765s] Level 1:colcon.colcon_core.package_identification:_identify(.) by extension 'ignore'
[5.765s] Level 1:colcon.colcon_core.package_identification:_identify(.) by extension 'ignore_ament_install'
[5.765s] Level 1:colcon.colcon_core.package_identification:_identify(.) by extensions ['colcon_pkg']
[5.766s] Level 1:colcon.colcon_core.package_identification:_identify(.) by extension 'colcon_pkg'
[5.766s] Level 1:colcon.colcon_core.package_identification:_identify(.) by extensions ['colcon_meta']
[5.766s] Level 1:colcon.colcon_core.package_identification:_identify(.) by extension 'colcon_meta'
[5.766s] Level 1:colcon.colcon_core.package_identification:_identify(.) by extensions ['ros']
[5.767s] Level 1:colcon.colcon_core.package_identification:_identify(.) by extension 'ros'
[5.952s] Level 1:colcon.colcon_core.package_identification:_identify(.) by extensions ['cmake', 'python']
[5.953s] Level 1:colcon.colcon_core.package_identification:_identify(.) by extension 'cmake'
[5.953s] Level 1:colcon.colcon_core.package_identification:_identify(.) by extension 'python'
[5.954s] Level 1:colcon.colcon_core.package_identification:_identify(.) by extensions ['python_setup_py']
[5.954s] Level 1:colcon.colcon_core.package_identification:_identify(.) by extension 'python_setup_py'
[5.967s] Level 1:colcon.colcon_core.package_identification:_identify(build) by extensions ['ignore', 'ignore_ament_install']
[5.968s] Level 1:colcon.colcon_core.package_identification:_identify(build) by extension 'ignore'
[5.968s] Level 1:colcon.colcon_core.package_identification:_identify(build) ignored
[5.970s] Level 1:colcon.colcon_core.package_identification:_identify(install) by extensions ['ignore', 'ignore_ament_install']
[5.970s] Level 1:colcon.colcon_core.package_identification:_identify(install) by extension 'ignore'
[5.971s] Level 1:colcon.colcon_core.package_identification:_identify(install) ignored
[5.971s] Level 1:colcon.colcon_core.package_identification:_identify(log) by extensions ['ignore', 'ignore_ament_install']
[5.972s] Level 1:colcon.colcon_core.package_identification:_identify(log) by extension 'ignore'
[5.972s] Level 1:colcon.colcon_core.package_identification:_identify(log) ignored
[5.973s] Level 1:colcon.colcon_core.package_identification:_identify(src) by extensions ['ignore', 'ignore_ament_install']
[5.973s] Level 1:colcon.colcon_core.package_identification:_identify(src) by extension 'ignore'
[5.974s] Level 1:colcon.colcon_core.package_identification:_identify(src) by extension 'ignore_ament_install'
[5.974s] Level 1:colcon.colcon_core.package_identification:_identify(src) by extensions ['colcon_pkg']
[5.975s] Level 1:colcon.colcon_core.package_identification:_identify(src) by extension 'colcon_pkg'
[5.975s] Level 1:colcon.colcon_core.package_identification:_identify(src) by extensions ['colcon_meta']
[5.975s] Level 1:colcon.colcon_core.package_identification:_identify(src) by extension 'colcon_meta'
[5.975s] Level 1:colcon.colcon_core.package_identification:_identify(src) by extensions ['ros']
[5.976s] Level 1:colcon.colcon_core.package_identification:_identify(src) by extension 'ros'
[5.976s] Level 1:colcon.colcon_core.package_identification:_identify(src) by extensions ['cmake', 'python']
[5.977s] Level 1:colcon.colcon_core.package_identification:_identify(src) by extension 'cmake'
[5.977s] Level 1:colcon.colcon_core.package_identification:_identify(src) by extension 'python'
[5.977s] Level 1:colcon.colcon_core.package_identification:_identify(src) by extensions ['python_setup_py']
[5.977s] Level 1:colcon.colcon_core.package_identification:_identify(src) by extension 'python_setup_py'
[5.978s] Level 1:colcon.colcon_core.package_identification:_identify(src/my_robot_controller) by extensions ['ignore', 'ignore_ament_install']
[5.979s] Level 1:colcon.colcon_core.package_identification:_identify(src/my_robot_controller) by extension 'ignore'
[5.979s] Level 1:colcon.colcon_core.package_identification:_identify(src/my_robot_controller) by extension 'ignore_ament_install'
[5.980s] Level 1:colcon.colcon_core.package_identification:_identify(src/my_robot_controller) by extensions ['colcon_pkg']
[5.980s] Level 1:colcon.colcon_core.package_identification:_identify(src/my_robot_controller) by extension 'colcon_pkg'
[5.980s] Level 1:colcon.colcon_core.package_identification:_identify(src/my_robot_controller) by extensions ['colcon_meta']
[5.980s] Level 1:colcon.colcon_core.package_identification:_identify(src/my_robot_controller) by extension 'colcon_meta'
[5.981s] Level 1:colcon.colcon_core.package_identification:_identify(src/my_robot_controller) by extensions ['ros']
[5.981s] Level 1:colcon.colcon_core.package_identification:_identify(src/my_robot_controller) by extension 'ros'
[5.999s] DEBUG:colcon.colcon_core.package_identification:Package 'src/my_robot_controller' with type 'ros.ament_python' and name 'my_robot_controller'
[5.999s] Level 1:colcon.colcon_core.package_discovery:discover_packages(recursive) using defaults
[5.999s] Level 1:colcon.colcon_core.package_discovery:discover_packages(ignore) discover
[6.000s] Level 1:colcon.colcon_core.package_discovery:discover_packages(ignore) using defaults
[6.000s] Level 1:colcon.colcon_core.package_discovery:discover_packages(path) discover
[6.000s] Level 1:colcon.colcon_core.package_discovery:discover_packages(path) using defaults
[6.426s] Level 1:colcon.colcon_core.package_discovery:discover_packages(prefix_path) check parameters
[6.426s] Level 1:colcon.colcon_core.package_discovery:discover_packages(prefix_path) discover
[6.471s] DEBUG:colcon.colcon_installed_package_information.package_discovery:Found 1 installed packages in /home/ad/ros2_ws/install
[6.496s] DEBUG:colcon.colcon_installed_package_information.package_discovery:Found 271 installed packages in /opt/ros/humble
[6.513s] Level 1:colcon.colcon_core.package_discovery:discover_packages(prefix_path) using defaults
[9.079s] Level 5:colcon.colcon_core.verb:set package 'my_robot_controller' build argument 'cmake_args' from command line to 'None'
[9.079s] Level 5:colcon.colcon_core.verb:set package 'my_robot_controller' build argument 'cmake_target' from command line to 'None'
[9.079s] Level 5:colcon.colcon_core.verb:set package 'my_robot_controller' build argument 'cmake_target_skip_unavailable' from command line to 'False'
[9.080s] Level 5:colcon.colcon_core.verb:set package 'my_robot_controller' build argument 'cmake_clean_cache' from command line to 'False'
[9.080s] Level 5:colcon.colcon_core.verb:set package 'my_robot_controller' build argument 'cmake_clean_first' from command line to 'False'
[9.080s] Level 5:colcon.colcon_core.verb:set package 'my_robot_controller' build argument 'cmake_force_configure' from command line to 'False'
[9.080s] Level 5:colcon.colcon_core.verb:set package 'my_robot_controller' build argument 'ament_cmake_args' from command line to 'None'
[9.080s] Level 5:colcon.colcon_core.verb:set package 'my_robot_controller' build argument 'catkin_cmake_args' from command line to 'None'
[9.080s] Level 5:colcon.colcon_core.verb:set package 'my_robot_controller' build argument 'catkin_skip_building_tests' from command line to 'False'
[9.081s] DEBUG:colcon.colcon_core.verb:Building package 'my_robot_controller' with the following arguments: {'ament_cmake_args': None, 'build_base': '/home/ad/ros2_ws/build/my_robot_controller', 'catkin_cmake_args': None, 'catkin_skip_building_tests': False, 'cmake_args': None, 'cmake_clean_cache': False, 'cmake_clean_first': False, 'cmake_force_configure': False, 'cmake_target': None, 'cmake_target_skip_unavailable': False, 'install_base': '/home/ad/ros2_ws/install/my_robot_controller', 'merge_install': False, 'path': '/home/ad/ros2_ws/src/my_robot_controller', 'symlink_install': True, 'test_result_base': None}
[9.081s] INFO:colcon.colcon_core.executor:Executing jobs using 'parallel' executor
[9.087s] DEBUG:colcon.colcon_parallel_executor.executor.parallel:run_until_complete
[9.088s] INFO:colcon.colcon_ros.task.ament_python.build:Building ROS package in '/home/ad/ros2_ws/src/my_robot_controller' with build type 'ament_python'
[9.089s] Level 1:colcon.colcon_core.shell:create_environment_hook('my_robot_controller', 'ament_prefix_path')
[9.138s] INFO:colcon.colcon_core.plugin_system:Skipping extension 'colcon_core.shell.bat': Not used on non-Windows systems
[9.141s] INFO:colcon.colcon_core.shell:Creating environment hook '/home/ad/ros2_ws/install/my_robot_controller/share/my_robot_controller/hook/ament_prefix_path.ps1'
[9.152s] INFO:colcon.colcon_core.shell:Creating environment descriptor '/home/ad/ros2_ws/install/my_robot_controller/share/my_robot_controller/hook/ament_prefix_path.dsv'
[9.167s] INFO:colcon.colcon_core.shell:Creating environment hook '/home/ad/ros2_ws/install/my_robot_controller/share/my_robot_controller/hook/ament_prefix_path.sh'
[9.175s] INFO:colcon.colcon_core.shell:Skip shell extension 'powershell' for command environment: Not usable outside of PowerShell
[9.176s] DEBUG:colcon.colcon_core.shell:Skip shell extension 'dsv' for command environment
[11.032s] INFO:colcon.colcon_core.task.python.build:Building Python package in '/home/ad/ros2_ws/src/my_robot_controller'
[11.033s] INFO:colcon.colcon_core.shell:Skip shell extension 'powershell' for command environment: Not usable outside of PowerShell
[11.034s] DEBUG:colcon.colcon_core.shell:Skip shell extension 'dsv' for command environment
[13.759s] DEBUG:colcon.colcon_core.event_handler.log_command:Invoking command in '/home/ad/ros2_ws/build/my_robot_controller': PYTHONPATH=/home/ad/ros2_ws/build/my_robot_controller/prefix_override:/usr/lib/python3/dist-packages/colcon_core/task/python/colcon_distutils_commands:/home/ad/ros2_ws/install/my_robot_controller/lib/python3.10/site-packages:${PYTHONPATH} /usr/bin/python3 -W ignore:setup.py install is deprecated -W ignore:easy_install command is deprecated setup.py develop --editable --build-directory /home/ad/ros2_ws/build/my_robot_controller/build --no-deps symlink_data
[17.052s] Level 1:colcon.colcon_core.shell:create_environment_hook('my_robot_controller', 'pythonpath_develop')
[17.054s] DEBUG:colcon.colcon_core.event_handler.log_command:Invoked command in '/home/ad/ros2_ws/build/my_robot_controller' returned '0': PYTHONPATH=/home/ad/ros2_ws/build/my_robot_controller/prefix_override:/usr/lib/python3/dist-packages/colcon_core/task/python/colcon_distutils_commands:/home/ad/ros2_ws/install/my_robot_controller/lib/python3.10/site-packages:${PYTHONPATH} /usr/bin/python3 -W ignore:setup.py install is deprecated -W ignore:easy_install command is deprecated setup.py develop --editable --build-directory /home/ad/ros2_ws/build/my_robot_controller/build --no-deps symlink_data
[17.056s] INFO:colcon.colcon_core.shell:Creating environment hook '/home/ad/ros2_ws/build/my_robot_controller/share/my_robot_controller/hook/pythonpath_develop.ps1'
[17.062s] INFO:colcon.colcon_core.shell:Creating environment descriptor '/home/ad/ros2_ws/build/my_robot_controller/share/my_robot_controller/hook/pythonpath_develop.dsv'
[17.067s] INFO:colcon.colcon_core.shell:Creating environment hook '/home/ad/ros2_ws/build/my_robot_controller/share/my_robot_controller/hook/pythonpath_develop.sh'
[17.150s] Level 1:colcon.colcon_core.environment:checking '/home/ad/ros2_ws/install/my_robot_controller' for CMake module files
[17.157s] Level 1:colcon.colcon_core.environment:checking '/home/ad/ros2_ws/install/my_robot_controller' for CMake config files
[17.163s] Level 1:colcon.colcon_core.environment:checking '/home/ad/ros2_ws/install/my_robot_controller/lib'
[17.164s] Level 1:colcon.colcon_core.environment:checking '/home/ad/ros2_ws/install/my_robot_controller/bin'
[17.164s] Level 1:colcon.colcon_core.environment:checking '/home/ad/ros2_ws/install/my_robot_controller/lib/pkgconfig/my_robot_controller.pc'
[17.166s] Level 1:colcon.colcon_core.environment:checking '/home/ad/ros2_ws/install/my_robot_controller/lib/python3.10/site-packages'
[17.167s] Level 1:colcon.colcon_core.shell:create_environment_hook('my_robot_controller', 'pythonpath')
[17.168s] INFO:colcon.colcon_core.shell:Creating environment hook '/home/ad/ros2_ws/install/my_robot_controller/share/my_robot_controller/hook/pythonpath.ps1'
[17.171s] INFO:colcon.colcon_core.shell:Creating environment descriptor '/home/ad/ros2_ws/install/my_robot_controller/share/my_robot_controller/hook/pythonpath.dsv'
[17.174s] INFO:colcon.colcon_core.shell:Creating environment hook '/home/ad/ros2_ws/install/my_robot_controller/share/my_robot_controller/hook/pythonpath.sh'
[17.179s] Level 1:colcon.colcon_core.environment:checking '/home/ad/ros2_ws/install/my_robot_controller/bin'
[17.179s] Level 1:colcon.colcon_core.environment:create_environment_scripts_only(my_robot_controller)
[17.182s] INFO:colcon.colcon_core.shell:Creating package script '/home/ad/ros2_ws/install/my_robot_controller/share/my_robot_controller/package.ps1'
[17.204s] INFO:colcon.colcon_core.shell:Creating package descriptor '/home/ad/ros2_ws/install/my_robot_controller/share/my_robot_controller/package.dsv'
[17.209s] INFO:colcon.colcon_core.shell:Creating package script '/home/ad/ros2_ws/install/my_robot_controller/share/my_robot_controller/package.sh'
[17.215s] INFO:colcon.colcon_core.shell:Creating package script '/home/ad/ros2_ws/install/my_robot_controller/share/my_robot_controller/package.bash'
[17.227s] INFO:colcon.colcon_core.shell:Creating package script '/home/ad/ros2_ws/install/my_robot_controller/share/my_robot_controller/package.zsh'
[17.238s] Level 1:colcon.colcon_core.environment:create_file_with_runtime_dependencies(/home/ad/ros2_ws/install/my_robot_controller/share/colcon-core/packages/my_robot_controller)
[17.241s] DEBUG:colcon.colcon_parallel_executor.executor.parallel:closing loop
[17.243s] DEBUG:colcon.colcon_parallel_executor.executor.parallel:loop closed
[17.243s] DEBUG:colcon.colcon_parallel_executor.executor.parallel:run_until_complete finished with '0'
[17.243s] DEBUG:colcon.colcon_core.event_reactor:joining thread
[17.453s] INFO:colcon.colcon_core.plugin_system:Skipping extension 'colcon_notification.desktop_notification.terminal_notifier': Not used on non-Darwin systems
[17.455s] INFO:colcon.colcon_core.plugin_system:Skipping extension 'colcon_notification.desktop_notification.win32': Not used on non-Windows systems
[17.456s] INFO:colcon.colcon_notification.desktop_notification:Sending desktop notification using 'notify2'
[17.580s] DEBUG:colcon.colcon_core.event_reactor:joined thread
[17.582s] INFO:colcon.colcon_core.shell:Creating prefix script '/home/ad/ros2_ws/install/local_setup.ps1'
[17.600s] INFO:colcon.colcon_core.shell:Creating prefix util module '/home/ad/ros2_ws/install/_local_setup_util_ps1.py'
[17.620s] INFO:colcon.colcon_core.shell:Creating prefix chain script '/home/ad/ros2_ws/install/setup.ps1'
[17.626s] INFO:colcon.colcon_core.shell:Creating prefix script '/home/ad/ros2_ws/install/local_setup.sh'
[17.632s] INFO:colcon.colcon_core.shell:Creating prefix util module '/home/ad/ros2_ws/install/_local_setup_util_sh.py'
[17.637s] INFO:colcon.colcon_core.shell:Creating prefix chain script '/home/ad/ros2_ws/install/setup.sh'
[17.643s] INFO:colcon.colcon_core.shell:Creating prefix script '/home/ad/ros2_ws/install/local_setup.bash'
[17.669s] INFO:colcon.colcon_core.shell:Creating prefix chain script '/home/ad/ros2_ws/install/setup.bash'
[17.676s] INFO:colcon.colcon_core.shell:Creating prefix script '/home/ad/ros2_ws/install/local_setup.zsh'
[17.701s] INFO:colcon.colcon_core.shell:Creating prefix chain script '/home/ad/ros2_ws/install/setup.zsh'
