[2.342s] DEBUG:colcon:Command line arguments: ['/usr/bin/colcon', 'build']
[2.342s] DEBUG:colcon:Parsed command line arguments: Namespace(log_base=None, log_level=None, verb_name='build', build_base='build', install_base='install', merge_install=False, symlink_install=False, test_result_base=None, continue_on_error=False, executor='parallel', parallel_workers=4, event_handlers=None, ignore_user_meta=False, metas=['./colcon.meta'], base_paths=['.'], packages_ignore=None, packages_ignore_regex=None, paths=None, packages_up_to=None, packages_up_to_regex=None, packages_above=None, packages_above_and_dependencies=None, packages_above_depth=None, packages_select_by_dep=None, packages_skip_by_dep=None, packages_skip_up_to=None, packages_select_build_failed=False, packages_skip_build_finished=False, packages_select_test_failures=False, packages_skip_test_passed=False, packages_select=None, packages_skip=None, packages_select_regex=None, packages_skip_regex=None, packages_start=None, packages_end=None, allow_overriding=[], cmake_args=None, cmake_target=None, cmake_target_skip_unavailable=False, cmake_clean_cache=False, cmake_clean_first=False, cmake_force_configure=False, ament_cmake_args=None, catkin_cmake_args=None, catkin_skip_building_tests=False, verb_parser=<colcon_defaults.argument_parser.defaults.DefaultArgumentsDecorator object at 0x7ea288f2ace0>, verb_extension=<colcon_core.verb.build.BuildVerb object at 0x7ea289074130>, main=<bound method BuildVerb.main of <colcon_core.verb.build.BuildVerb object at 0x7ea289074130>>)
[8.220s] Level 1:colcon.colcon_core.package_discovery:discover_packages(colcon_meta) check parameters
[8.220s] Level 1:colcon.colcon_core.package_discovery:discover_packages(recursive) check parameters
[8.220s] Level 1:colcon.colcon_core.package_discovery:discover_packages(ignore) check parameters
[8.221s] Level 1:colcon.colcon_core.package_discovery:discover_packages(path) check parameters
[8.221s] Level 1:colcon.colcon_core.package_discovery:discover_packages(colcon_meta) discover
[8.221s] Level 1:colcon.colcon_core.package_discovery:discover_packages(recursive) discover
[8.221s] INFO:colcon.colcon_core.package_discovery:Crawling recursively for packages in '/home/ad/ros2_ws'
[8.233s] Level 1:colcon.colcon_core.package_identification:_identify(.) by extensions ['ignore', 'ignore_ament_install']
[8.233s] Level 1:colcon.colcon_core.package_identification:_identify(.) by extension 'ignore'
[8.233s] Level 1:colcon.colcon_core.package_identification:_identify(.) by extension 'ignore_ament_install'
[8.234s] Level 1:colcon.colcon_core.package_identification:_identify(.) by extensions ['colcon_pkg']
[8.234s] Level 1:colcon.colcon_core.package_identification:_identify(.) by extension 'colcon_pkg'
[8.234s] Level 1:colcon.colcon_core.package_identification:_identify(.) by extensions ['colcon_meta']
[8.235s] Level 1:colcon.colcon_core.package_identification:_identify(.) by extension 'colcon_meta'
[8.235s] Level 1:colcon.colcon_core.package_identification:_identify(.) by extensions ['ros']
[8.235s] Level 1:colcon.colcon_core.package_identification:_identify(.) by extension 'ros'
[8.373s] Level 1:colcon.colcon_core.package_identification:_identify(.) by extensions ['cmake', 'python']
[8.373s] Level 1:colcon.colcon_core.package_identification:_identify(.) by extension 'cmake'
[8.374s] Level 1:colcon.colcon_core.package_identification:_identify(.) by extension 'python'
[8.374s] Level 1:colcon.colcon_core.package_identification:_identify(.) by extensions ['python_setup_py']
[8.374s] Level 1:colcon.colcon_core.package_identification:_identify(.) by extension 'python_setup_py'
[8.384s] Level 1:colcon.colcon_core.package_identification:_identify(build) by extensions ['ignore', 'ignore_ament_install']
[8.384s] Level 1:colcon.colcon_core.package_identification:_identify(build) by extension 'ignore'
[8.385s] Level 1:colcon.colcon_core.package_identification:_identify(build) ignored
[8.386s] Level 1:colcon.colcon_core.package_identification:_identify(install) by extensions ['ignore', 'ignore_ament_install']
[8.386s] Level 1:colcon.colcon_core.package_identification:_identify(install) by extension 'ignore'
[8.387s] Level 1:colcon.colcon_core.package_identification:_identify(install) ignored
[8.387s] Level 1:colcon.colcon_core.package_identification:_identify(log) by extensions ['ignore', 'ignore_ament_install']
[8.387s] Level 1:colcon.colcon_core.package_identification:_identify(log) by extension 'ignore'
[8.388s] Level 1:colcon.colcon_core.package_identification:_identify(log) ignored
[8.388s] Level 1:colcon.colcon_core.package_identification:_identify(src) by extensions ['ignore', 'ignore_ament_install']
[8.389s] Level 1:colcon.colcon_core.package_identification:_identify(src) by extension 'ignore'
[8.389s] Level 1:colcon.colcon_core.package_identification:_identify(src) by extension 'ignore_ament_install'
[8.389s] Level 1:colcon.colcon_core.package_identification:_identify(src) by extensions ['colcon_pkg']
[8.389s] Level 1:colcon.colcon_core.package_identification:_identify(src) by extension 'colcon_pkg'
[8.390s] Level 1:colcon.colcon_core.package_identification:_identify(src) by extensions ['colcon_meta']
[8.390s] Level 1:colcon.colcon_core.package_identification:_identify(src) by extension 'colcon_meta'
[8.390s] Level 1:colcon.colcon_core.package_identification:_identify(src) by extensions ['ros']
[8.390s] Level 1:colcon.colcon_core.package_identification:_identify(src) by extension 'ros'
[8.391s] Level 1:colcon.colcon_core.package_identification:_identify(src) by extensions ['cmake', 'python']
[8.391s] Level 1:colcon.colcon_core.package_identification:_identify(src) by extension 'cmake'
[8.391s] Level 1:colcon.colcon_core.package_identification:_identify(src) by extension 'python'
[8.391s] Level 1:colcon.colcon_core.package_identification:_identify(src) by extensions ['python_setup_py']
[8.392s] Level 1:colcon.colcon_core.package_identification:_identify(src) by extension 'python_setup_py'
[8.392s] Level 1:colcon.colcon_core.package_identification:_identify(src/my_robot_controller) by extensions ['ignore', 'ignore_ament_install']
[8.392s] Level 1:colcon.colcon_core.package_identification:_identify(src/my_robot_controller) by extension 'ignore'
[8.393s] Level 1:colcon.colcon_core.package_identification:_identify(src/my_robot_controller) by extension 'ignore_ament_install'
[8.393s] Level 1:colcon.colcon_core.package_identification:_identify(src/my_robot_controller) by extensions ['colcon_pkg']
[8.393s] Level 1:colcon.colcon_core.package_identification:_identify(src/my_robot_controller) by extension 'colcon_pkg'
[8.393s] Level 1:colcon.colcon_core.package_identification:_identify(src/my_robot_controller) by extensions ['colcon_meta']
[8.394s] Level 1:colcon.colcon_core.package_identification:_identify(src/my_robot_controller) by extension 'colcon_meta'
[8.394s] Level 1:colcon.colcon_core.package_identification:_identify(src/my_robot_controller) by extensions ['ros']
[8.394s] Level 1:colcon.colcon_core.package_identification:_identify(src/my_robot_controller) by extension 'ros'
[8.434s] DEBUG:colcon.colcon_core.package_identification:Package 'src/my_robot_controller' with type 'ros.ament_python' and name 'my_robot_controller'
[8.434s] Level 1:colcon.colcon_core.package_discovery:discover_packages(recursive) using defaults
[8.435s] Level 1:colcon.colcon_core.package_discovery:discover_packages(ignore) discover
[8.435s] Level 1:colcon.colcon_core.package_discovery:discover_packages(ignore) using defaults
[8.435s] Level 1:colcon.colcon_core.package_discovery:discover_packages(path) discover
[8.435s] Level 1:colcon.colcon_core.package_discovery:discover_packages(path) using defaults
[8.803s] Level 1:colcon.colcon_core.package_discovery:discover_packages(prefix_path) check parameters
[8.803s] Level 1:colcon.colcon_core.package_discovery:discover_packages(prefix_path) discover
[8.840s] DEBUG:colcon.colcon_installed_package_information.package_discovery:Found 0 installed packages in /home/ad/ros2_ws/install
[8.859s] DEBUG:colcon.colcon_installed_package_information.package_discovery:Found 271 installed packages in /opt/ros/humble
[8.868s] Level 1:colcon.colcon_core.package_discovery:discover_packages(prefix_path) using defaults
[15.069s] Level 5:colcon.colcon_core.verb:set package 'my_robot_controller' build argument 'cmake_args' from command line to 'None'
[15.070s] Level 5:colcon.colcon_core.verb:set package 'my_robot_controller' build argument 'cmake_target' from command line to 'None'
[15.070s] Level 5:colcon.colcon_core.verb:set package 'my_robot_controller' build argument 'cmake_target_skip_unavailable' from command line to 'False'
[15.070s] Level 5:colcon.colcon_core.verb:set package 'my_robot_controller' build argument 'cmake_clean_cache' from command line to 'False'
[15.070s] Level 5:colcon.colcon_core.verb:set package 'my_robot_controller' build argument 'cmake_clean_first' from command line to 'False'
[15.070s] Level 5:colcon.colcon_core.verb:set package 'my_robot_controller' build argument 'cmake_force_configure' from command line to 'False'
[15.070s] Level 5:colcon.colcon_core.verb:set package 'my_robot_controller' build argument 'ament_cmake_args' from command line to 'None'
[15.071s] Level 5:colcon.colcon_core.verb:set package 'my_robot_controller' build argument 'catkin_cmake_args' from command line to 'None'
[15.071s] Level 5:colcon.colcon_core.verb:set package 'my_robot_controller' build argument 'catkin_skip_building_tests' from command line to 'False'
[15.071s] DEBUG:colcon.colcon_core.verb:Building package 'my_robot_controller' with the following arguments: {'ament_cmake_args': None, 'build_base': '/home/ad/ros2_ws/build/my_robot_controller', 'catkin_cmake_args': None, 'catkin_skip_building_tests': False, 'cmake_args': None, 'cmake_clean_cache': False, 'cmake_clean_first': False, 'cmake_force_configure': False, 'cmake_target': None, 'cmake_target_skip_unavailable': False, 'install_base': '/home/ad/ros2_ws/install/my_robot_controller', 'merge_install': False, 'path': '/home/ad/ros2_ws/src/my_robot_controller', 'symlink_install': False, 'test_result_base': None}
[15.072s] INFO:colcon.colcon_core.executor:Executing jobs using 'parallel' executor
[15.078s] DEBUG:colcon.colcon_parallel_executor.executor.parallel:run_until_complete
[15.079s] INFO:colcon.colcon_ros.task.ament_python.build:Building ROS package in '/home/ad/ros2_ws/src/my_robot_controller' with build type 'ament_python'
[15.080s] Level 1:colcon.colcon_core.shell:create_environment_hook('my_robot_controller', 'ament_prefix_path')
[15.481s] INFO:colcon.colcon_core.plugin_system:Skipping extension 'colcon_core.shell.bat': Not used on non-Windows systems
[15.482s] INFO:colcon.colcon_core.shell:Creating environment hook '/home/ad/ros2_ws/install/my_robot_controller/share/my_robot_controller/hook/ament_prefix_path.ps1'
[15.604s] INFO:colcon.colcon_core.shell:Creating environment descriptor '/home/ad/ros2_ws/install/my_robot_controller/share/my_robot_controller/hook/ament_prefix_path.dsv'
[15.799s] INFO:colcon.colcon_core.shell:Creating environment hook '/home/ad/ros2_ws/install/my_robot_controller/share/my_robot_controller/hook/ament_prefix_path.sh'
[15.879s] INFO:colcon.colcon_core.shell:Skip shell extension 'powershell' for command environment: Not usable outside of PowerShell
[15.881s] DEBUG:colcon.colcon_core.shell:Skip shell extension 'dsv' for command environment
[18.179s] INFO:colcon.colcon_core.task.python.build:Building Python package in '/home/ad/ros2_ws/src/my_robot_controller'
[18.180s] INFO:colcon.colcon_core.shell:Skip shell extension 'powershell' for command environment: Not usable outside of PowerShell
[18.181s] DEBUG:colcon.colcon_core.shell:Skip shell extension 'dsv' for command environment
[22.320s] DEBUG:colcon.colcon_core.event_handler.log_command:Invoking command in '/home/ad/ros2_ws/src/my_robot_controller': PYTHONPATH=/home/ad/ros2_ws/build/my_robot_controller/prefix_override:/usr/lib/python3/dist-packages/colcon_core/task/python/colcon_distutils_commands:/home/ad/ros2_ws/install/my_robot_controller/lib/python3.10/site-packages:${PYTHONPATH} /usr/bin/python3 -W ignore:setup.py install is deprecated -W ignore:easy_install command is deprecated setup.py egg_info --egg-base ../../build/my_robot_controller build --build-base /home/ad/ros2_ws/build/my_robot_controller/build install --record /home/ad/ros2_ws/build/my_robot_controller/install.log --single-version-externally-managed install_data
[24.340s] DEBUG:colcon.colcon_core.event_handler.log_command:Invoked command in '/home/ad/ros2_ws/src/my_robot_controller' returned '0': PYTHONPATH=/home/ad/ros2_ws/build/my_robot_controller/prefix_override:/usr/lib/python3/dist-packages/colcon_core/task/python/colcon_distutils_commands:/home/ad/ros2_ws/install/my_robot_controller/lib/python3.10/site-packages:${PYTHONPATH} /usr/bin/python3 -W ignore:setup.py install is deprecated -W ignore:easy_install command is deprecated setup.py egg_info --egg-base ../../build/my_robot_controller build --build-base /home/ad/ros2_ws/build/my_robot_controller/build install --record /home/ad/ros2_ws/build/my_robot_controller/install.log --single-version-externally-managed install_data
[24.582s] Level 1:colcon.colcon_core.environment:checking '/home/ad/ros2_ws/install/my_robot_controller' for CMake module files
[24.588s] Level 1:colcon.colcon_core.environment:checking '/home/ad/ros2_ws/install/my_robot_controller' for CMake config files
[24.591s] Level 1:colcon.colcon_core.environment:checking '/home/ad/ros2_ws/install/my_robot_controller/lib'
[24.592s] Level 1:colcon.colcon_core.environment:checking '/home/ad/ros2_ws/install/my_robot_controller/bin'
[24.592s] Level 1:colcon.colcon_core.environment:checking '/home/ad/ros2_ws/install/my_robot_controller/lib/pkgconfig/my_robot_controller.pc'
[24.593s] Level 1:colcon.colcon_core.environment:checking '/home/ad/ros2_ws/install/my_robot_controller/lib/python3.10/site-packages'
[24.594s] Level 1:colcon.colcon_core.shell:create_environment_hook('my_robot_controller', 'pythonpath')
[24.595s] INFO:colcon.colcon_core.shell:Creating environment hook '/home/ad/ros2_ws/install/my_robot_controller/share/my_robot_controller/hook/pythonpath.ps1'
[24.597s] INFO:colcon.colcon_core.shell:Creating environment descriptor '/home/ad/ros2_ws/install/my_robot_controller/share/my_robot_controller/hook/pythonpath.dsv'
[24.599s] INFO:colcon.colcon_core.shell:Creating environment hook '/home/ad/ros2_ws/install/my_robot_controller/share/my_robot_controller/hook/pythonpath.sh'
[24.601s] Level 1:colcon.colcon_core.environment:checking '/home/ad/ros2_ws/install/my_robot_controller/bin'
[24.602s] Level 1:colcon.colcon_core.environment:create_environment_scripts_only(my_robot_controller)
[24.605s] INFO:colcon.colcon_core.shell:Creating package script '/home/ad/ros2_ws/install/my_robot_controller/share/my_robot_controller/package.ps1'
[24.630s] INFO:colcon.colcon_core.shell:Creating package descriptor '/home/ad/ros2_ws/install/my_robot_controller/share/my_robot_controller/package.dsv'
[24.679s] INFO:colcon.colcon_core.shell:Creating package script '/home/ad/ros2_ws/install/my_robot_controller/share/my_robot_controller/package.sh'
[24.686s] INFO:colcon.colcon_core.shell:Creating package script '/home/ad/ros2_ws/install/my_robot_controller/share/my_robot_controller/package.bash'
[24.723s] INFO:colcon.colcon_core.shell:Creating package script '/home/ad/ros2_ws/install/my_robot_controller/share/my_robot_controller/package.zsh'
[24.912s] Level 1:colcon.colcon_core.environment:create_file_with_runtime_dependencies(/home/ad/ros2_ws/install/my_robot_controller/share/colcon-core/packages/my_robot_controller)
[24.913s] DEBUG:colcon.colcon_parallel_executor.executor.parallel:closing loop
[24.915s] DEBUG:colcon.colcon_parallel_executor.executor.parallel:loop closed
[24.918s] DEBUG:colcon.colcon_parallel_executor.executor.parallel:run_until_complete finished with '0'
[24.919s] DEBUG:colcon.colcon_core.event_reactor:joining thread
[25.250s] INFO:colcon.colcon_core.plugin_system:Skipping extension 'colcon_notification.desktop_notification.terminal_notifier': Not used on non-Darwin systems
[25.250s] INFO:colcon.colcon_core.plugin_system:Skipping extension 'colcon_notification.desktop_notification.win32': Not used on non-Windows systems
[25.251s] INFO:colcon.colcon_notification.desktop_notification:Sending desktop notification using 'notify2'
[25.832s] DEBUG:colcon.colcon_core.event_reactor:joined thread
[25.834s] INFO:colcon.colcon_core.shell:Creating prefix script '/home/ad/ros2_ws/install/local_setup.ps1'
[25.860s] INFO:colcon.colcon_core.shell:Creating prefix util module '/home/ad/ros2_ws/install/_local_setup_util_ps1.py'
[25.904s] INFO:colcon.colcon_core.shell:Creating prefix chain script '/home/ad/ros2_ws/install/setup.ps1'
[25.910s] INFO:colcon.colcon_core.shell:Creating prefix script '/home/ad/ros2_ws/install/local_setup.sh'
[25.913s] INFO:colcon.colcon_core.shell:Creating prefix util module '/home/ad/ros2_ws/install/_local_setup_util_sh.py'
[25.917s] INFO:colcon.colcon_core.shell:Creating prefix chain script '/home/ad/ros2_ws/install/setup.sh'
[25.923s] INFO:colcon.colcon_core.shell:Creating prefix script '/home/ad/ros2_ws/install/local_setup.bash'
[25.954s] INFO:colcon.colcon_core.shell:Creating prefix chain script '/home/ad/ros2_ws/install/setup.bash'
[25.958s] INFO:colcon.colcon_core.shell:Creating prefix script '/home/ad/ros2_ws/install/local_setup.zsh'
[25.994s] INFO:colcon.colcon_core.shell:Creating prefix chain script '/home/ad/ros2_ws/install/setup.zsh'
