[0.439s] DEBUG:colcon:Command line arguments: ['/usr/bin/colcon', 'build', '--symlink-install']
[0.439s] DEBUG:colcon:Parsed command line arguments: Namespace(log_base=None, log_level=None, verb_name='build', build_base='build', install_base='install', merge_install=False, symlink_install=True, test_result_base=None, continue_on_error=False, executor='parallel', parallel_workers=4, event_handlers=None, ignore_user_meta=False, metas=['./colcon.meta'], base_paths=['.'], packages_ignore=None, packages_ignore_regex=None, paths=None, packages_up_to=None, packages_up_to_regex=None, packages_above=None, packages_above_and_dependencies=None, packages_above_depth=None, packages_select_by_dep=None, packages_skip_by_dep=None, packages_skip_up_to=None, packages_select_build_failed=False, packages_skip_build_finished=False, packages_select_test_failures=False, packages_skip_test_passed=False, packages_select=None, packages_skip=None, packages_select_regex=None, packages_skip_regex=None, packages_start=None, packages_end=None, allow_overriding=[], cmake_args=None, cmake_target=None, cmake_target_skip_unavailable=False, cmake_clean_cache=False, cmake_clean_first=False, cmake_force_configure=False, ament_cmake_args=None, catkin_cmake_args=None, catkin_skip_building_tests=False, verb_parser=<colcon_defaults.argument_parser.defaults.DefaultArgumentsDecorator object at 0x7a801cf2f280>, verb_extension=<colcon_core.verb.build.BuildVerb object at 0x7a801d0746d0>, main=<bound method BuildVerb.main of <colcon_core.verb.build.BuildVerb object at 0x7a801d0746d0>>)
[6.470s] Level 1:colcon.colcon_core.package_discovery:discover_packages(colcon_meta) check parameters
[6.472s] Level 1:colcon.colcon_core.package_discovery:discover_packages(recursive) check parameters
[6.473s] Level 1:colcon.colcon_core.package_discovery:discover_packages(ignore) check parameters
[6.473s] Level 1:colcon.colcon_core.package_discovery:discover_packages(path) check parameters
[6.474s] Level 1:colcon.colcon_core.package_discovery:discover_packages(colcon_meta) discover
[6.475s] Level 1:colcon.colcon_core.package_discovery:discover_packages(recursive) discover
[6.476s] INFO:colcon.colcon_core.package_discovery:Crawling recursively for packages in '/home/ad/ros2_ws/src'
[6.478s] Level 1:colcon.colcon_core.package_identification:_identify(.) by extensions ['ignore', 'ignore_ament_install']
[6.479s] Level 1:colcon.colcon_core.package_identification:_identify(.) by extension 'ignore'
[6.481s] Level 1:colcon.colcon_core.package_identification:_identify(.) by extension 'ignore_ament_install'
[6.482s] Level 1:colcon.colcon_core.package_identification:_identify(.) by extensions ['colcon_pkg']
[6.483s] Level 1:colcon.colcon_core.package_identification:_identify(.) by extension 'colcon_pkg'
[6.484s] Level 1:colcon.colcon_core.package_identification:_identify(.) by extensions ['colcon_meta']
[6.484s] Level 1:colcon.colcon_core.package_identification:_identify(.) by extension 'colcon_meta'
[6.485s] Level 1:colcon.colcon_core.package_identification:_identify(.) by extensions ['ros']
[6.486s] Level 1:colcon.colcon_core.package_identification:_identify(.) by extension 'ros'
[6.683s] Level 1:colcon.colcon_core.package_identification:_identify(.) by extensions ['cmake', 'python']
[6.683s] Level 1:colcon.colcon_core.package_identification:_identify(.) by extension 'cmake'
[6.684s] Level 1:colcon.colcon_core.package_identification:_identify(.) by extension 'python'
[6.684s] Level 1:colcon.colcon_core.package_identification:_identify(.) by extensions ['python_setup_py']
[6.684s] Level 1:colcon.colcon_core.package_identification:_identify(.) by extension 'python_setup_py'
[6.685s] Level 1:colcon.colcon_core.package_identification:_identify(build) by extensions ['ignore', 'ignore_ament_install']
[6.685s] Level 1:colcon.colcon_core.package_identification:_identify(build) by extension 'ignore'
[6.686s] Level 1:colcon.colcon_core.package_identification:_identify(build) ignored
[6.686s] Level 1:colcon.colcon_core.package_identification:_identify(install) by extensions ['ignore', 'ignore_ament_install']
[6.687s] Level 1:colcon.colcon_core.package_identification:_identify(install) by extension 'ignore'
[6.687s] Level 1:colcon.colcon_core.package_identification:_identify(install) ignored
[6.688s] Level 1:colcon.colcon_core.package_identification:_identify(log) by extensions ['ignore', 'ignore_ament_install']
[6.688s] Level 1:colcon.colcon_core.package_identification:_identify(log) by extension 'ignore'
[6.689s] Level 1:colcon.colcon_core.package_identification:_identify(log) ignored
[6.689s] Level 1:colcon.colcon_core.package_identification:_identify(my_robot_controller) by extensions ['ignore', 'ignore_ament_install']
[6.690s] Level 1:colcon.colcon_core.package_identification:_identify(my_robot_controller) by extension 'ignore'
[6.690s] Level 1:colcon.colcon_core.package_identification:_identify(my_robot_controller) by extension 'ignore_ament_install'
[6.690s] Level 1:colcon.colcon_core.package_identification:_identify(my_robot_controller) by extensions ['colcon_pkg']
[6.691s] Level 1:colcon.colcon_core.package_identification:_identify(my_robot_controller) by extension 'colcon_pkg'
[6.691s] Level 1:colcon.colcon_core.package_identification:_identify(my_robot_controller) by extensions ['colcon_meta']
[6.691s] Level 1:colcon.colcon_core.package_identification:_identify(my_robot_controller) by extension 'colcon_meta'
[6.692s] Level 1:colcon.colcon_core.package_identification:_identify(my_robot_controller) by extensions ['ros']
[6.692s] Level 1:colcon.colcon_core.package_identification:_identify(my_robot_controller) by extension 'ros'
[6.730s] DEBUG:colcon.colcon_core.package_identification:Package 'my_robot_controller' with type 'ros.ament_python' and name 'my_robot_controller'
[6.730s] Level 1:colcon.colcon_core.package_discovery:discover_packages(recursive) using defaults
[6.730s] Level 1:colcon.colcon_core.package_discovery:discover_packages(ignore) discover
[6.730s] Level 1:colcon.colcon_core.package_discovery:discover_packages(ignore) using defaults
[6.731s] Level 1:colcon.colcon_core.package_discovery:discover_packages(path) discover
[6.731s] Level 1:colcon.colcon_core.package_discovery:discover_packages(path) using defaults
[7.231s] Level 1:colcon.colcon_core.package_discovery:discover_packages(prefix_path) check parameters
[7.231s] Level 1:colcon.colcon_core.package_discovery:discover_packages(prefix_path) discover
[7.371s] DEBUG:colcon.colcon_installed_package_information.package_discovery:Found 1 installed packages in /home/ad/ros2_ws/install
[7.393s] DEBUG:colcon.colcon_installed_package_information.package_discovery:Found 271 installed packages in /opt/ros/humble
[7.406s] Level 1:colcon.colcon_core.package_discovery:discover_packages(prefix_path) using defaults
[10.208s] Level 5:colcon.colcon_core.verb:set package 'my_robot_controller' build argument 'cmake_args' from command line to 'None'
[10.208s] Level 5:colcon.colcon_core.verb:set package 'my_robot_controller' build argument 'cmake_target' from command line to 'None'
[10.209s] Level 5:colcon.colcon_core.verb:set package 'my_robot_controller' build argument 'cmake_target_skip_unavailable' from command line to 'False'
[10.209s] Level 5:colcon.colcon_core.verb:set package 'my_robot_controller' build argument 'cmake_clean_cache' from command line to 'False'
[10.209s] Level 5:colcon.colcon_core.verb:set package 'my_robot_controller' build argument 'cmake_clean_first' from command line to 'False'
[10.209s] Level 5:colcon.colcon_core.verb:set package 'my_robot_controller' build argument 'cmake_force_configure' from command line to 'False'
[10.209s] Level 5:colcon.colcon_core.verb:set package 'my_robot_controller' build argument 'ament_cmake_args' from command line to 'None'
[10.209s] Level 5:colcon.colcon_core.verb:set package 'my_robot_controller' build argument 'catkin_cmake_args' from command line to 'None'
[10.209s] Level 5:colcon.colcon_core.verb:set package 'my_robot_controller' build argument 'catkin_skip_building_tests' from command line to 'False'
[10.209s] DEBUG:colcon.colcon_core.verb:Building package 'my_robot_controller' with the following arguments: {'ament_cmake_args': None, 'build_base': '/home/ad/ros2_ws/src/build/my_robot_controller', 'catkin_cmake_args': None, 'catkin_skip_building_tests': False, 'cmake_args': None, 'cmake_clean_cache': False, 'cmake_clean_first': False, 'cmake_force_configure': False, 'cmake_target': None, 'cmake_target_skip_unavailable': False, 'install_base': '/home/ad/ros2_ws/src/install/my_robot_controller', 'merge_install': False, 'path': '/home/ad/ros2_ws/src/my_robot_controller', 'symlink_install': True, 'test_result_base': None}
[10.210s] INFO:colcon.colcon_core.executor:Executing jobs using 'parallel' executor
[10.215s] DEBUG:colcon.colcon_parallel_executor.executor.parallel:run_until_complete
[10.215s] INFO:colcon.colcon_ros.task.ament_python.build:Building ROS package in '/home/ad/ros2_ws/src/my_robot_controller' with build type 'ament_python'
[10.216s] Level 1:colcon.colcon_core.shell:create_environment_hook('my_robot_controller', 'ament_prefix_path')
[10.263s] INFO:colcon.colcon_core.plugin_system:Skipping extension 'colcon_core.shell.bat': Not used on non-Windows systems
[10.264s] INFO:colcon.colcon_core.shell:Creating environment hook '/home/ad/ros2_ws/src/install/my_robot_controller/share/my_robot_controller/hook/ament_prefix_path.ps1'
[10.278s] INFO:colcon.colcon_core.shell:Creating environment descriptor '/home/ad/ros2_ws/src/install/my_robot_controller/share/my_robot_controller/hook/ament_prefix_path.dsv'
[10.283s] INFO:colcon.colcon_core.shell:Creating environment hook '/home/ad/ros2_ws/src/install/my_robot_controller/share/my_robot_controller/hook/ament_prefix_path.sh'
[10.287s] INFO:colcon.colcon_core.shell:Skip shell extension 'powershell' for command environment: Not usable outside of PowerShell
[10.287s] DEBUG:colcon.colcon_core.shell:Skip shell extension 'dsv' for command environment
[11.513s] INFO:colcon.colcon_core.task.python.build:Building Python package in '/home/ad/ros2_ws/src/my_robot_controller'
[11.515s] INFO:colcon.colcon_core.shell:Skip shell extension 'powershell' for command environment: Not usable outside of PowerShell
[11.515s] DEBUG:colcon.colcon_core.shell:Skip shell extension 'dsv' for command environment
[13.735s] DEBUG:colcon.colcon_core.event_handler.log_command:Invoking command in '/home/ad/ros2_ws/src/build/my_robot_controller': PYTHONPATH=/home/ad/ros2_ws/src/build/my_robot_controller/prefix_override:/usr/lib/python3/dist-packages/colcon_core/task/python/colcon_distutils_commands:/home/ad/ros2_ws/src/install/my_robot_controller/lib/python3.10/site-packages:${PYTHONPATH} /usr/bin/python3 -W ignore:setup.py install is deprecated -W ignore:easy_install command is deprecated setup.py develop --editable --build-directory /home/ad/ros2_ws/src/build/my_robot_controller/build --no-deps symlink_data
[15.890s] Level 1:colcon.colcon_core.shell:create_environment_hook('my_robot_controller', 'pythonpath_develop')
[15.891s] INFO:colcon.colcon_core.shell:Creating environment hook '/home/ad/ros2_ws/src/build/my_robot_controller/share/my_robot_controller/hook/pythonpath_develop.ps1'
[15.893s] DEBUG:colcon.colcon_core.event_handler.log_command:Invoked command in '/home/ad/ros2_ws/src/build/my_robot_controller' returned '0': PYTHONPATH=/home/ad/ros2_ws/src/build/my_robot_controller/prefix_override:/usr/lib/python3/dist-packages/colcon_core/task/python/colcon_distutils_commands:/home/ad/ros2_ws/src/install/my_robot_controller/lib/python3.10/site-packages:${PYTHONPATH} /usr/bin/python3 -W ignore:setup.py install is deprecated -W ignore:easy_install command is deprecated setup.py develop --editable --build-directory /home/ad/ros2_ws/src/build/my_robot_controller/build --no-deps symlink_data
[15.895s] INFO:colcon.colcon_core.shell:Creating environment descriptor '/home/ad/ros2_ws/src/build/my_robot_controller/share/my_robot_controller/hook/pythonpath_develop.dsv'
[15.897s] INFO:colcon.colcon_core.shell:Creating environment hook '/home/ad/ros2_ws/src/build/my_robot_controller/share/my_robot_controller/hook/pythonpath_develop.sh'
[15.993s] Level 1:colcon.colcon_core.environment:checking '/home/ad/ros2_ws/src/install/my_robot_controller' for CMake module files
[16.001s] Level 1:colcon.colcon_core.environment:checking '/home/ad/ros2_ws/src/install/my_robot_controller' for CMake config files
[16.008s] Level 1:colcon.colcon_core.environment:checking '/home/ad/ros2_ws/src/install/my_robot_controller/lib'
[16.010s] Level 1:colcon.colcon_core.environment:checking '/home/ad/ros2_ws/src/install/my_robot_controller/bin'
[16.010s] Level 1:colcon.colcon_core.environment:checking '/home/ad/ros2_ws/src/install/my_robot_controller/lib/pkgconfig/my_robot_controller.pc'
[16.012s] Level 1:colcon.colcon_core.environment:checking '/home/ad/ros2_ws/src/install/my_robot_controller/lib/python3.10/site-packages'
[16.012s] Level 1:colcon.colcon_core.shell:create_environment_hook('my_robot_controller', 'pythonpath')
[16.014s] INFO:colcon.colcon_core.shell:Creating environment hook '/home/ad/ros2_ws/src/install/my_robot_controller/share/my_robot_controller/hook/pythonpath.ps1'
[16.017s] INFO:colcon.colcon_core.shell:Creating environment descriptor '/home/ad/ros2_ws/src/install/my_robot_controller/share/my_robot_controller/hook/pythonpath.dsv'
[16.020s] INFO:colcon.colcon_core.shell:Creating environment hook '/home/ad/ros2_ws/src/install/my_robot_controller/share/my_robot_controller/hook/pythonpath.sh'
[16.025s] Level 1:colcon.colcon_core.environment:checking '/home/ad/ros2_ws/src/install/my_robot_controller/bin'
[16.026s] Level 1:colcon.colcon_core.environment:create_environment_scripts_only(my_robot_controller)
[16.029s] INFO:colcon.colcon_core.shell:Creating package script '/home/ad/ros2_ws/src/install/my_robot_controller/share/my_robot_controller/package.ps1'
[16.060s] INFO:colcon.colcon_core.shell:Creating package descriptor '/home/ad/ros2_ws/src/install/my_robot_controller/share/my_robot_controller/package.dsv'
[16.066s] INFO:colcon.colcon_core.shell:Creating package script '/home/ad/ros2_ws/src/install/my_robot_controller/share/my_robot_controller/package.sh'
[16.072s] INFO:colcon.colcon_core.shell:Creating package script '/home/ad/ros2_ws/src/install/my_robot_controller/share/my_robot_controller/package.bash'
[16.110s] INFO:colcon.colcon_core.shell:Creating package script '/home/ad/ros2_ws/src/install/my_robot_controller/share/my_robot_controller/package.zsh'
[16.132s] Level 1:colcon.colcon_core.environment:create_file_with_runtime_dependencies(/home/ad/ros2_ws/src/install/my_robot_controller/share/colcon-core/packages/my_robot_controller)
[16.134s] DEBUG:colcon.colcon_parallel_executor.executor.parallel:closing loop
[16.137s] DEBUG:colcon.colcon_parallel_executor.executor.parallel:loop closed
[16.138s] DEBUG:colcon.colcon_parallel_executor.executor.parallel:run_until_complete finished with '0'
[16.138s] DEBUG:colcon.colcon_core.event_reactor:joining thread
[16.414s] INFO:colcon.colcon_core.plugin_system:Skipping extension 'colcon_notification.desktop_notification.terminal_notifier': Not used on non-Darwin systems
[16.415s] INFO:colcon.colcon_core.plugin_system:Skipping extension 'colcon_notification.desktop_notification.win32': Not used on non-Windows systems
[16.416s] INFO:colcon.colcon_notification.desktop_notification:Sending desktop notification using 'notify2'
[16.527s] DEBUG:colcon.colcon_core.event_reactor:joined thread
[16.529s] INFO:colcon.colcon_core.shell:Creating prefix script '/home/ad/ros2_ws/src/install/local_setup.ps1'
[16.558s] INFO:colcon.colcon_core.shell:Creating prefix util module '/home/ad/ros2_ws/src/install/_local_setup_util_ps1.py'
[16.599s] INFO:colcon.colcon_core.shell:Creating prefix chain script '/home/ad/ros2_ws/src/install/setup.ps1'
[16.619s] INFO:colcon.colcon_core.shell:Creating prefix script '/home/ad/ros2_ws/src/install/local_setup.sh'
[16.629s] INFO:colcon.colcon_core.shell:Creating prefix util module '/home/ad/ros2_ws/src/install/_local_setup_util_sh.py'
[16.639s] INFO:colcon.colcon_core.shell:Creating prefix chain script '/home/ad/ros2_ws/src/install/setup.sh'
[16.646s] INFO:colcon.colcon_core.shell:Creating prefix script '/home/ad/ros2_ws/src/install/local_setup.bash'
[16.659s] INFO:colcon.colcon_core.shell:Creating prefix chain script '/home/ad/ros2_ws/src/install/setup.bash'
[16.667s] INFO:colcon.colcon_core.shell:Creating prefix script '/home/ad/ros2_ws/src/install/local_setup.zsh'
[16.681s] INFO:colcon.colcon_core.shell:Creating prefix chain script '/home/ad/ros2_ws/src/install/setup.zsh'
