[0.665s] DEBUG:colcon:Command line arguments: ['/usr/bin/colcon', 'list', '-p', '--base-paths', '/home/ad/ros2_ws']
[0.665s] DEBUG:colcon:Parsed command line arguments: Namespace(log_base=None, log_level=None, verb_name='list', build_base='build', ignore_user_meta=False, metas=['./colcon.meta'], base_paths=['/home/ad/ros2_ws'], packages_ignore=None, packages_ignore_regex=None, paths=None, packages_up_to=None, packages_up_to_regex=None, packages_above=None, packages_above_and_dependencies=None, packages_above_depth=None, packages_select_by_dep=None, packages_skip_by_dep=None, packages_skip_up_to=None, packages_select_build_failed=False, packages_skip_build_finished=False, packages_select_test_failures=False, packages_skip_test_passed=False, packages_select=None, packages_skip=None, packages_select_regex=None, packages_skip_regex=None, packages_start=None, packages_end=None, allow_overriding=[], topological_order=False, names_only=False, paths_only=True, topological_graph=False, topological_graph_dot=False, topological_graph_density=False, topological_graph_legend=False, topological_graph_dot_cluster=False, topological_graph_dot_include_skipped=False, verb_parser=<colcon_defaults.argument_parser.defaults.DefaultArgumentsDecorator object at 0x7f6f02a235e0>, verb_extension=<colcon_package_information.verb.list.ListVerb object at 0x7f6f02b9ff10>, main=<bound method ListVerb.main of <colcon_package_information.verb.list.ListVerb object at 0x7f6f02b9ff10>>)
[2.873s] Level 1:colcon.colcon_core.package_discovery:discover_packages(colcon_meta) check parameters
[2.874s] Level 1:colcon.colcon_core.package_discovery:discover_packages(recursive) check parameters
[2.874s] Level 1:colcon.colcon_core.package_discovery:discover_packages(ignore) check parameters
[2.874s] Level 1:colcon.colcon_core.package_discovery:discover_packages(path) check parameters
[2.874s] Level 1:colcon.colcon_core.package_discovery:discover_packages(recursive) discover
[2.877s] INFO:colcon.colcon_core.package_discovery:Crawling recursively for packages in '/home/ad/ros2_ws'
[2.877s] Level 1:colcon.colcon_core.package_identification:_identify(/home/ad/ros2_ws) by extensions ['ignore', 'ignore_ament_install']
[2.879s] Level 1:colcon.colcon_core.package_identification:_identify(/home/ad/ros2_ws) by extension 'ignore'
[2.880s] Level 1:colcon.colcon_core.package_identification:_identify(/home/ad/ros2_ws) by extension 'ignore_ament_install'
[2.880s] Level 1:colcon.colcon_core.package_identification:_identify(/home/ad/ros2_ws) by extensions ['colcon_pkg']
[2.880s] Level 1:colcon.colcon_core.package_identification:_identify(/home/ad/ros2_ws) by extension 'colcon_pkg'
[2.881s] Level 1:colcon.colcon_core.package_identification:_identify(/home/ad/ros2_ws) by extensions ['colcon_meta']
[2.881s] Level 1:colcon.colcon_core.package_identification:_identify(/home/ad/ros2_ws) by extension 'colcon_meta'
[2.881s] Level 1:colcon.colcon_core.package_identification:_identify(/home/ad/ros2_ws) by extensions ['ros']
[2.881s] Level 1:colcon.colcon_core.package_identification:_identify(/home/ad/ros2_ws) by extension 'ros'
[3.011s] Level 1:colcon.colcon_core.package_identification:_identify(/home/ad/ros2_ws) by extensions ['cmake', 'python']
[3.011s] Level 1:colcon.colcon_core.package_identification:_identify(/home/ad/ros2_ws) by extension 'cmake'
[3.012s] Level 1:colcon.colcon_core.package_identification:_identify(/home/ad/ros2_ws) by extension 'python'
[3.020s] Level 1:colcon.colcon_core.package_identification:_identify(/home/ad/ros2_ws) by extensions ['python_setup_py']
[3.021s] Level 1:colcon.colcon_core.package_identification:_identify(/home/ad/ros2_ws) by extension 'python_setup_py'
[3.021s] Level 1:colcon.colcon_core.package_identification:_identify(/home/ad/ros2_ws/build) by extensions ['ignore', 'ignore_ament_install']
[3.022s] Level 1:colcon.colcon_core.package_identification:_identify(/home/ad/ros2_ws/build) by extension 'ignore'
[3.022s] Level 1:colcon.colcon_core.package_identification:_identify(/home/ad/ros2_ws/build) ignored
[3.028s] Level 1:colcon.colcon_core.package_identification:_identify(/home/ad/ros2_ws/install) by extensions ['ignore', 'ignore_ament_install']
[3.029s] Level 1:colcon.colcon_core.package_identification:_identify(/home/ad/ros2_ws/install) by extension 'ignore'
[3.029s] Level 1:colcon.colcon_core.package_identification:_identify(/home/ad/ros2_ws/install) ignored
[3.030s] Level 1:colcon.colcon_core.package_identification:_identify(/home/ad/ros2_ws/log) by extensions ['ignore', 'ignore_ament_install']
[3.030s] Level 1:colcon.colcon_core.package_identification:_identify(/home/ad/ros2_ws/log) by extension 'ignore'
[3.031s] Level 1:colcon.colcon_core.package_identification:_identify(/home/ad/ros2_ws/log) ignored
[3.031s] Level 1:colcon.colcon_core.package_identification:_identify(/home/ad/ros2_ws/src) by extensions ['ignore', 'ignore_ament_install']
[3.032s] Level 1:colcon.colcon_core.package_identification:_identify(/home/ad/ros2_ws/src) by extension 'ignore'
[3.032s] Level 1:colcon.colcon_core.package_identification:_identify(/home/ad/ros2_ws/src) by extension 'ignore_ament_install'
[3.033s] Level 1:colcon.colcon_core.package_identification:_identify(/home/ad/ros2_ws/src) by extensions ['colcon_pkg']
[3.033s] Level 1:colcon.colcon_core.package_identification:_identify(/home/ad/ros2_ws/src) by extension 'colcon_pkg'
[3.033s] Level 1:colcon.colcon_core.package_identification:_identify(/home/ad/ros2_ws/src) by extensions ['colcon_meta']
[3.033s] Level 1:colcon.colcon_core.package_identification:_identify(/home/ad/ros2_ws/src) by extension 'colcon_meta'
[3.040s] Level 1:colcon.colcon_core.package_identification:_identify(/home/ad/ros2_ws/src) by extensions ['ros']
[3.040s] Level 1:colcon.colcon_core.package_identification:_identify(/home/ad/ros2_ws/src) by extension 'ros'
[3.041s] Level 1:colcon.colcon_core.package_identification:_identify(/home/ad/ros2_ws/src) by extensions ['cmake', 'python']
[3.041s] Level 1:colcon.colcon_core.package_identification:_identify(/home/ad/ros2_ws/src) by extension 'cmake'
[3.041s] Level 1:colcon.colcon_core.package_identification:_identify(/home/ad/ros2_ws/src) by extension 'python'
[3.042s] Level 1:colcon.colcon_core.package_identification:_identify(/home/ad/ros2_ws/src) by extensions ['python_setup_py']
[3.042s] Level 1:colcon.colcon_core.package_identification:_identify(/home/ad/ros2_ws/src) by extension 'python_setup_py'
[3.043s] Level 1:colcon.colcon_core.package_identification:_identify(/home/ad/ros2_ws/src/my_robot_controller) by extensions ['ignore', 'ignore_ament_install']
[3.044s] Level 1:colcon.colcon_core.package_identification:_identify(/home/ad/ros2_ws/src/my_robot_controller) by extension 'ignore'
[3.044s] Level 1:colcon.colcon_core.package_identification:_identify(/home/ad/ros2_ws/src/my_robot_controller) by extension 'ignore_ament_install'
[3.045s] Level 1:colcon.colcon_core.package_identification:_identify(/home/ad/ros2_ws/src/my_robot_controller) by extensions ['colcon_pkg']
[3.045s] Level 1:colcon.colcon_core.package_identification:_identify(/home/ad/ros2_ws/src/my_robot_controller) by extension 'colcon_pkg'
[3.048s] Level 1:colcon.colcon_core.package_identification:_identify(/home/ad/ros2_ws/src/my_robot_controller) by extensions ['colcon_meta']
[3.048s] Level 1:colcon.colcon_core.package_identification:_identify(/home/ad/ros2_ws/src/my_robot_controller) by extension 'colcon_meta'
[3.049s] Level 1:colcon.colcon_core.package_identification:_identify(/home/ad/ros2_ws/src/my_robot_controller) by extensions ['ros']
[3.049s] Level 1:colcon.colcon_core.package_identification:_identify(/home/ad/ros2_ws/src/my_robot_controller) by extension 'ros'
[3.070s] DEBUG:colcon.colcon_core.package_identification:Package '/home/ad/ros2_ws/src/my_robot_controller' with type 'ros.ament_python' and name 'my_robot_controller'
[3.070s] Level 1:colcon.colcon_core.package_discovery:discover_packages(recursive) using defaults
