[0.497s] DEBUG:colcon:Command line arguments: ['/usr/bin/colcon', 'build', '--symlink-install']
[0.497s] DEBUG:colcon:Parsed command line arguments: Namespace(log_base=None, log_level=None, verb_name='build', build_base='build', install_base='install', merge_install=False, symlink_install=True, test_result_base=None, continue_on_error=False, executor='parallel', parallel_workers=4, event_handlers=None, ignore_user_meta=False, metas=['./colcon.meta'], base_paths=['.'], packages_ignore=None, packages_ignore_regex=None, paths=None, packages_up_to=None, packages_up_to_regex=None, packages_above=None, packages_above_and_dependencies=None, packages_above_depth=None, packages_select_by_dep=None, packages_skip_by_dep=None, packages_skip_up_to=None, packages_select_build_failed=False, packages_skip_build_finished=False, packages_select_test_failures=False, packages_skip_test_passed=False, packages_select=None, packages_skip=None, packages_select_regex=None, packages_skip_regex=None, packages_start=None, packages_end=None, allow_overriding=[], cmake_args=None, cmake_target=None, cmake_target_skip_unavailable=False, cmake_clean_cache=False, cmake_clean_first=False, cmake_force_configure=False, ament_cmake_args=None, catkin_cmake_args=None, catkin_skip_building_tests=False, verb_parser=<colcon_defaults.argument_parser.defaults.DefaultArgumentsDecorator object at 0x74570451f250>, verb_extension=<colcon_core.verb.build.BuildVerb object at 0x7457046646a0>, main=<bound method BuildVerb.main of <colcon_core.verb.build.BuildVerb object at 0x7457046646a0>>)
[3.262s] Level 1:colcon.colcon_core.package_discovery:discover_packages(colcon_meta) check parameters
[3.263s] Level 1:colcon.colcon_core.package_discovery:discover_packages(recursive) check parameters
[3.263s] Level 1:colcon.colcon_core.package_discovery:discover_packages(ignore) check parameters
[3.263s] Level 1:colcon.colcon_core.package_discovery:discover_packages(path) check parameters
[3.264s] Level 1:colcon.colcon_core.package_discovery:discover_packages(colcon_meta) discover
[3.264s] Level 1:colcon.colcon_core.package_discovery:discover_packages(recursive) discover
[3.264s] INFO:colcon.colcon_core.package_discovery:Crawling recursively for packages in '/home/ad/ros2_ws/src'
[3.264s] Level 1:colcon.colcon_core.package_identification:_identify(.) by extensions ['ignore', 'ignore_ament_install']
[3.265s] Level 1:colcon.colcon_core.package_identification:_identify(.) by extension 'ignore'
[3.265s] Level 1:colcon.colcon_core.package_identification:_identify(.) by extension 'ignore_ament_install'
[3.265s] Level 1:colcon.colcon_core.package_identification:_identify(.) by extensions ['colcon_pkg']
[3.265s] Level 1:colcon.colcon_core.package_identification:_identify(.) by extension 'colcon_pkg'
[3.266s] Level 1:colcon.colcon_core.package_identification:_identify(.) by extensions ['colcon_meta']
[3.266s] Level 1:colcon.colcon_core.package_identification:_identify(.) by extension 'colcon_meta'
[3.266s] Level 1:colcon.colcon_core.package_identification:_identify(.) by extensions ['ros']
[3.266s] Level 1:colcon.colcon_core.package_identification:_identify(.) by extension 'ros'
[3.445s] Level 1:colcon.colcon_core.package_identification:_identify(.) by extensions ['cmake', 'python']
[3.446s] Level 1:colcon.colcon_core.package_identification:_identify(.) by extension 'cmake'
[3.446s] Level 1:colcon.colcon_core.package_identification:_identify(.) by extension 'python'
[3.446s] Level 1:colcon.colcon_core.package_identification:_identify(.) by extensions ['python_setup_py']
[3.446s] Level 1:colcon.colcon_core.package_identification:_identify(.) by extension 'python_setup_py'
[3.447s] Level 1:colcon.colcon_core.package_identification:_identify(build) by extensions ['ignore', 'ignore_ament_install']
[3.447s] Level 1:colcon.colcon_core.package_identification:_identify(build) by extension 'ignore'
[3.447s] Level 1:colcon.colcon_core.package_identification:_identify(build) ignored
[3.448s] Level 1:colcon.colcon_core.package_identification:_identify(install) by extensions ['ignore', 'ignore_ament_install']
[3.449s] Level 1:colcon.colcon_core.package_identification:_identify(install) by extension 'ignore'
[3.449s] Level 1:colcon.colcon_core.package_identification:_identify(install) ignored
[3.449s] Level 1:colcon.colcon_core.package_identification:_identify(log) by extensions ['ignore', 'ignore_ament_install']
[3.450s] Level 1:colcon.colcon_core.package_identification:_identify(log) by extension 'ignore'
[3.450s] Level 1:colcon.colcon_core.package_identification:_identify(log) ignored
[3.450s] Level 1:colcon.colcon_core.package_identification:_identify(my_robot_controller) by extensions ['ignore', 'ignore_ament_install']
[3.450s] Level 1:colcon.colcon_core.package_identification:_identify(my_robot_controller) by extension 'ignore'
[3.451s] Level 1:colcon.colcon_core.package_identification:_identify(my_robot_controller) by extension 'ignore_ament_install'
[3.451s] Level 1:colcon.colcon_core.package_identification:_identify(my_robot_controller) by extensions ['colcon_pkg']
[3.451s] Level 1:colcon.colcon_core.package_identification:_identify(my_robot_controller) by extension 'colcon_pkg'
[3.451s] Level 1:colcon.colcon_core.package_identification:_identify(my_robot_controller) by extensions ['colcon_meta']
[3.451s] Level 1:colcon.colcon_core.package_identification:_identify(my_robot_controller) by extension 'colcon_meta'
[3.451s] Level 1:colcon.colcon_core.package_identification:_identify(my_robot_controller) by extensions ['ros']
[3.452s] Level 1:colcon.colcon_core.package_identification:_identify(my_robot_controller) by extension 'ros'
[3.489s] DEBUG:colcon.colcon_core.package_identification:Package 'my_robot_controller' with type 'ros.ament_python' and name 'my_robot_controller'
[3.489s] Level 1:colcon.colcon_core.package_discovery:discover_packages(recursive) using defaults
[3.489s] Level 1:colcon.colcon_core.package_discovery:discover_packages(ignore) discover
[3.490s] Level 1:colcon.colcon_core.package_discovery:discover_packages(ignore) using defaults
[3.490s] Level 1:colcon.colcon_core.package_discovery:discover_packages(path) discover
[3.490s] Level 1:colcon.colcon_core.package_discovery:discover_packages(path) using defaults
[3.760s] Level 1:colcon.colcon_core.package_discovery:discover_packages(prefix_path) check parameters
[3.761s] Level 1:colcon.colcon_core.package_discovery:discover_packages(prefix_path) discover
[3.777s] DEBUG:colcon.colcon_installed_package_information.package_discovery:Found 1 installed packages in /home/ad/ros2_ws/install
[3.787s] DEBUG:colcon.colcon_installed_package_information.package_discovery:Found 271 installed packages in /opt/ros/humble
[3.802s] Level 1:colcon.colcon_core.package_discovery:discover_packages(prefix_path) using defaults
[4.036s] Level 5:colcon.colcon_core.verb:set package 'my_robot_controller' build argument 'cmake_args' from command line to 'None'
[4.036s] Level 5:colcon.colcon_core.verb:set package 'my_robot_controller' build argument 'cmake_target' from command line to 'None'
[4.036s] Level 5:colcon.colcon_core.verb:set package 'my_robot_controller' build argument 'cmake_target_skip_unavailable' from command line to 'False'
[4.036s] Level 5:colcon.colcon_core.verb:set package 'my_robot_controller' build argument 'cmake_clean_cache' from command line to 'False'
[4.036s] Level 5:colcon.colcon_core.verb:set package 'my_robot_controller' build argument 'cmake_clean_first' from command line to 'False'
[4.036s] Level 5:colcon.colcon_core.verb:set package 'my_robot_controller' build argument 'cmake_force_configure' from command line to 'False'
[4.036s] Level 5:colcon.colcon_core.verb:set package 'my_robot_controller' build argument 'ament_cmake_args' from command line to 'None'
[4.036s] Level 5:colcon.colcon_core.verb:set package 'my_robot_controller' build argument 'catkin_cmake_args' from command line to 'None'
[4.036s] Level 5:colcon.colcon_core.verb:set package 'my_robot_controller' build argument 'catkin_skip_building_tests' from command line to 'False'
[4.037s] DEBUG:colcon.colcon_core.verb:Building package 'my_robot_controller' with the following arguments: {'ament_cmake_args': None, 'build_base': '/home/ad/ros2_ws/src/build/my_robot_controller', 'catkin_cmake_args': None, 'catkin_skip_building_tests': False, 'cmake_args': None, 'cmake_clean_cache': False, 'cmake_clean_first': False, 'cmake_force_configure': False, 'cmake_target': None, 'cmake_target_skip_unavailable': False, 'install_base': '/home/ad/ros2_ws/src/install/my_robot_controller', 'merge_install': False, 'path': '/home/ad/ros2_ws/src/my_robot_controller', 'symlink_install': True, 'test_result_base': None}
[4.037s] INFO:colcon.colcon_core.executor:Executing jobs using 'parallel' executor
[4.043s] DEBUG:colcon.colcon_parallel_executor.executor.parallel:run_until_complete
[4.043s] INFO:colcon.colcon_ros.task.ament_python.build:Building ROS package in '/home/ad/ros2_ws/src/my_robot_controller' with build type 'ament_python'
[4.044s] Level 1:colcon.colcon_core.shell:create_environment_hook('my_robot_controller', 'ament_prefix_path')
[4.069s] INFO:colcon.colcon_core.plugin_system:Skipping extension 'colcon_core.shell.bat': Not used on non-Windows systems
[4.071s] INFO:colcon.colcon_core.shell:Creating environment hook '/home/ad/ros2_ws/src/install/my_robot_controller/share/my_robot_controller/hook/ament_prefix_path.ps1'
[4.087s] INFO:colcon.colcon_core.shell:Creating environment descriptor '/home/ad/ros2_ws/src/install/my_robot_controller/share/my_robot_controller/hook/ament_prefix_path.dsv'
[4.102s] INFO:colcon.colcon_core.shell:Creating environment hook '/home/ad/ros2_ws/src/install/my_robot_controller/share/my_robot_controller/hook/ament_prefix_path.sh'
[4.105s] INFO:colcon.colcon_core.shell:Skip shell extension 'powershell' for command environment: Not usable outside of PowerShell
[4.106s] DEBUG:colcon.colcon_core.shell:Skip shell extension 'dsv' for command environment
[5.340s] INFO:colcon.colcon_core.task.python.build:Building Python package in '/home/ad/ros2_ws/src/my_robot_controller'
[5.342s] INFO:colcon.colcon_core.shell:Skip shell extension 'powershell' for command environment: Not usable outside of PowerShell
[5.342s] DEBUG:colcon.colcon_core.shell:Skip shell extension 'dsv' for command environment
[6.813s] DEBUG:colcon.colcon_core.event_handler.log_command:Invoking command in '/home/ad/ros2_ws/src/build/my_robot_controller': PYTHONPATH=/home/ad/ros2_ws/src/build/my_robot_controller/prefix_override:/usr/lib/python3/dist-packages/colcon_core/task/python/colcon_distutils_commands:/home/ad/ros2_ws/src/install/my_robot_controller/lib/python3.10/site-packages:${PYTHONPATH} /usr/bin/python3 -W ignore:setup.py install is deprecated -W ignore:easy_install command is deprecated setup.py develop --editable --build-directory /home/ad/ros2_ws/src/build/my_robot_controller/build --no-deps symlink_data
[9.296s] Level 1:colcon.colcon_core.shell:create_environment_hook('my_robot_controller', 'pythonpath_develop')
[9.298s] INFO:colcon.colcon_core.shell:Creating environment hook '/home/ad/ros2_ws/src/build/my_robot_controller/share/my_robot_controller/hook/pythonpath_develop.ps1'
[9.300s] DEBUG:colcon.colcon_core.event_handler.log_command:Invoked command in '/home/ad/ros2_ws/src/build/my_robot_controller' returned '0': PYTHONPATH=/home/ad/ros2_ws/src/build/my_robot_controller/prefix_override:/usr/lib/python3/dist-packages/colcon_core/task/python/colcon_distutils_commands:/home/ad/ros2_ws/src/install/my_robot_controller/lib/python3.10/site-packages:${PYTHONPATH} /usr/bin/python3 -W ignore:setup.py install is deprecated -W ignore:easy_install command is deprecated setup.py develop --editable --build-directory /home/ad/ros2_ws/src/build/my_robot_controller/build --no-deps symlink_data
[9.304s] INFO:colcon.colcon_core.shell:Creating environment descriptor '/home/ad/ros2_ws/src/build/my_robot_controller/share/my_robot_controller/hook/pythonpath_develop.dsv'
[9.308s] INFO:colcon.colcon_core.shell:Creating environment hook '/home/ad/ros2_ws/src/build/my_robot_controller/share/my_robot_controller/hook/pythonpath_develop.sh'
[9.331s] Level 1:colcon.colcon_core.environment:checking '/home/ad/ros2_ws/src/install/my_robot_controller' for CMake module files
[9.334s] Level 1:colcon.colcon_core.environment:checking '/home/ad/ros2_ws/src/install/my_robot_controller' for CMake config files
[9.337s] Level 1:colcon.colcon_core.environment:checking '/home/ad/ros2_ws/src/install/my_robot_controller/lib'
[9.338s] Level 1:colcon.colcon_core.environment:checking '/home/ad/ros2_ws/src/install/my_robot_controller/bin'
[9.338s] Level 1:colcon.colcon_core.environment:checking '/home/ad/ros2_ws/src/install/my_robot_controller/lib/pkgconfig/my_robot_controller.pc'
[9.340s] Level 1:colcon.colcon_core.environment:checking '/home/ad/ros2_ws/src/install/my_robot_controller/lib/python3.10/site-packages'
[9.340s] Level 1:colcon.colcon_core.shell:create_environment_hook('my_robot_controller', 'pythonpath')
[9.341s] INFO:colcon.colcon_core.shell:Creating environment hook '/home/ad/ros2_ws/src/install/my_robot_controller/share/my_robot_controller/hook/pythonpath.ps1'
[9.344s] INFO:colcon.colcon_core.shell:Creating environment descriptor '/home/ad/ros2_ws/src/install/my_robot_controller/share/my_robot_controller/hook/pythonpath.dsv'
[9.348s] INFO:colcon.colcon_core.shell:Creating environment hook '/home/ad/ros2_ws/src/install/my_robot_controller/share/my_robot_controller/hook/pythonpath.sh'
[9.352s] Level 1:colcon.colcon_core.environment:checking '/home/ad/ros2_ws/src/install/my_robot_controller/bin'
[9.353s] Level 1:colcon.colcon_core.environment:create_environment_scripts_only(my_robot_controller)
[9.355s] INFO:colcon.colcon_core.shell:Creating package script '/home/ad/ros2_ws/src/install/my_robot_controller/share/my_robot_controller/package.ps1'
[9.360s] INFO:colcon.colcon_core.shell:Creating package descriptor '/home/ad/ros2_ws/src/install/my_robot_controller/share/my_robot_controller/package.dsv'
[9.363s] INFO:colcon.colcon_core.shell:Creating package script '/home/ad/ros2_ws/src/install/my_robot_controller/share/my_robot_controller/package.sh'
[9.368s] INFO:colcon.colcon_core.shell:Creating package script '/home/ad/ros2_ws/src/install/my_robot_controller/share/my_robot_controller/package.bash'
[9.372s] INFO:colcon.colcon_core.shell:Creating package script '/home/ad/ros2_ws/src/install/my_robot_controller/share/my_robot_controller/package.zsh'
[9.377s] Level 1:colcon.colcon_core.environment:create_file_with_runtime_dependencies(/home/ad/ros2_ws/src/install/my_robot_controller/share/colcon-core/packages/my_robot_controller)
[9.379s] DEBUG:colcon.colcon_parallel_executor.executor.parallel:closing loop
[9.379s] DEBUG:colcon.colcon_parallel_executor.executor.parallel:loop closed
[9.381s] DEBUG:colcon.colcon_parallel_executor.executor.parallel:run_until_complete finished with '0'
[9.382s] DEBUG:colcon.colcon_core.event_reactor:joining thread
[9.591s] INFO:colcon.colcon_core.plugin_system:Skipping extension 'colcon_notification.desktop_notification.terminal_notifier': Not used on non-Darwin systems
[9.594s] INFO:colcon.colcon_core.plugin_system:Skipping extension 'colcon_notification.desktop_notification.win32': Not used on non-Windows systems
[9.594s] INFO:colcon.colcon_notification.desktop_notification:Sending desktop notification using 'notify2'
[9.707s] DEBUG:colcon.colcon_core.event_reactor:joined thread
[9.710s] INFO:colcon.colcon_core.shell:Creating prefix script '/home/ad/ros2_ws/src/install/local_setup.ps1'
[9.736s] INFO:colcon.colcon_core.shell:Creating prefix util module '/home/ad/ros2_ws/src/install/_local_setup_util_ps1.py'
[9.752s] INFO:colcon.colcon_core.shell:Creating prefix chain script '/home/ad/ros2_ws/src/install/setup.ps1'
[9.760s] INFO:colcon.colcon_core.shell:Creating prefix script '/home/ad/ros2_ws/src/install/local_setup.sh'
[9.764s] INFO:colcon.colcon_core.shell:Creating prefix util module '/home/ad/ros2_ws/src/install/_local_setup_util_sh.py'
[9.767s] INFO:colcon.colcon_core.shell:Creating prefix chain script '/home/ad/ros2_ws/src/install/setup.sh'
[9.773s] INFO:colcon.colcon_core.shell:Creating prefix script '/home/ad/ros2_ws/src/install/local_setup.bash'
[9.781s] INFO:colcon.colcon_core.shell:Creating prefix chain script '/home/ad/ros2_ws/src/install/setup.bash'
[9.786s] INFO:colcon.colcon_core.shell:Creating prefix script '/home/ad/ros2_ws/src/install/local_setup.zsh'
[9.801s] INFO:colcon.colcon_core.shell:Creating prefix chain script '/home/ad/ros2_ws/src/install/setup.zsh'
