[3.197s] Invoking command in '/home/ad/ros2_ws/src/my_robot_controller': PYTHONPATH=/home/ad/ros2_ws/build/my_robot_controller/prefix_override:/usr/lib/python3/dist-packages/colcon_core/task/python/colcon_distutils_commands:/home/ad/ros2_ws/install/my_robot_controller/lib/python3.10/site-packages:${PYTHONPATH} /usr/bin/python3 -W ignore:setup.py install is deprecated -W ignore:easy_install command is deprecated setup.py egg_info --egg-base ../../build/my_robot_controller build --build-base /home/ad/ros2_ws/build/my_robot_controller/build install --record /home/ad/ros2_ws/build/my_robot_controller/install.log --single-version-externally-managed install_data
[4.240s] running egg_info
[4.244s] writing ../../build/my_robot_controller/my_robot_controller.egg-info/PKG-INFO
[4.257s] writing dependency_links to ../../build/my_robot_controller/my_robot_controller.egg-info/dependency_links.txt
[4.258s] writing entry points to ../../build/my_robot_controller/my_robot_controller.egg-info/entry_points.txt
[4.258s] writing requirements to ../../build/my_robot_controller/my_robot_controller.egg-info/requires.txt
[4.259s] writing top-level names to ../../build/my_robot_controller/my_robot_controller.egg-info/top_level.txt
[4.267s] reading manifest file '../../build/my_robot_controller/my_robot_controller.egg-info/SOURCES.txt'
[4.276s] writing manifest file '../../build/my_robot_controller/my_robot_controller.egg-info/SOURCES.txt'
[4.276s] running build
[4.277s] running build_py
[4.278s] copying my_robot_controller/my_first_node.py -> /home/ad/ros2_ws/build/my_robot_controller/build/lib/my_robot_controller
[4.278s] running install
[4.280s] running install_lib
[4.283s] copying /home/ad/ros2_ws/build/my_robot_controller/build/lib/my_robot_controller/my_first_node.py -> /home/ad/ros2_ws/install/my_robot_controller/lib/python3.10/site-packages/my_robot_controller
[4.285s] byte-compiling /home/ad/ros2_ws/install/my_robot_controller/lib/python3.10/site-packages/my_robot_controller/my_first_node.py to my_first_node.cpython-310.pyc
[4.286s] running install_data
[4.300s] running install_egg_info
[4.306s] removing '/home/ad/ros2_ws/install/my_robot_controller/lib/python3.10/site-packages/my_robot_controller-0.0.0-py3.10.egg-info' (and everything under it)
[4.307s] Copying ../../build/my_robot_controller/my_robot_controller.egg-info to /home/ad/ros2_ws/install/my_robot_controller/lib/python3.10/site-packages/my_robot_controller-0.0.0-py3.10.egg-info
[4.323s] running install_scripts
[4.402s] Installing test_node script to /home/ad/ros2_ws/install/my_robot_controller/lib/my_robot_controller
[4.404s] writing list of installed files to '/home/ad/ros2_ws/build/my_robot_controller/install.log'
[4.509s] Invoked command in '/home/ad/ros2_ws/src/my_robot_controller' returned '0': PYTHONPATH=/home/ad/ros2_ws/build/my_robot_controller/prefix_override:/usr/lib/python3/dist-packages/colcon_core/task/python/colcon_distutils_commands:/home/ad/ros2_ws/install/my_robot_controller/lib/python3.10/site-packages:${PYTHONPATH} /usr/bin/python3 -W ignore:setup.py install is deprecated -W ignore:easy_install command is deprecated setup.py egg_info --egg-base ../../build/my_robot_controller build --build-base /home/ad/ros2_ws/build/my_robot_controller/build install --record /home/ad/ros2_ws/build/my_robot_controller/install.log --single-version-externally-managed install_data
